{"C:\\Users\\User\\Microverse\\To-Do-List\\src\\modules\\1task.js": {"path":"C:\\Users\\User\\Microverse\\To-Do-List\\src\\modules\\1task.js","statementMap":{"0":{"start":{"line":3,"column":4},"end":{"line":3,"column":23}},"1":{"start":{"line":4,"column":4},"end":{"line":4,"column":35}},"2":{"start":{"line":5,"column":4},"end":{"line":5,"column":27}}},"fnMap":{"0":{"name":"(anonymous_0)","decl":{"start":{"line":2,"column":2},"end":{"line":2,"column":3}},"loc":{"start":{"line":2,"column":34},"end":{"line":6,"column":3}},"line":2}},"branchMap":{},"s":{"0":1,"1":1,"2":1},"f":{"0":1},"b":{},"_coverageSchema":"1a1c01bbd47fc00a2c39e90264f33305004495a9","hash":"f23040f0c601463e80ec9741d077d57c33b580d2"}
,"C:\\Users\\User\\Microverse\\To-Do-List\\src\\modules\\2add.js": {"path":"C:\\Users\\User\\Microverse\\To-Do-List\\src\\modules\\2add.js","statementMap":{"0":{"start":{"line":6,"column":20},"end":{"line":6,"column":69}},"1":{"start":{"line":7,"column":18},"end":{"line":7,"column":38}},"2":{"start":{"line":8,"column":18},"end":{"line":8,"column":41}},"3":{"start":{"line":10,"column":2},"end":{"line":10,"column":26}},"4":{"start":{"line":11,"column":2},"end":{"line":11,"column":61}},"5":{"start":{"line":13,"column":20},"end":{"line":13,"column":57}},"6":{"start":{"line":14,"column":2},"end":{"line":14,"column":23}}},"fnMap":{"0":{"name":"addTask","decl":{"start":{"line":5,"column":24},"end":{"line":5,"column":31}},"loc":{"start":{"line":5,"column":38},"end":{"line":15,"column":1}},"line":5}},"branchMap":{"0":{"loc":{"start":{"line":6,"column":20},"end":{"line":6,"column":69}},"type":"binary-expr","locations":[{"start":{"line":6,"column":20},"end":{"line":6,"column":63}},{"start":{"line":6,"column":67},"end":{"line":6,"column":69}}],"line":6}},"s":{"0":1,"1":1,"2":1,"3":1,"4":1,"5":1,"6":1},"f":{"0":1},"b":{"0":[1,1]},"_coverageSchema":"1a1c01bbd47fc00a2c39e90264f33305004495a9","hash":"232143d9f0c2e91a839d25aeca71634af32eee4c"}
,"C:\\Users\\User\\Microverse\\To-Do-List\\src\\modules\\3display.js": {"path":"C:\\Users\\User\\Microverse\\To-Do-List\\src\\modules\\3display.js","statementMap":{"0":{"start":{"line":2,"column":19},"end":{"line":2,"column":55}},"1":{"start":{"line":5,"column":18},"end":{"line":5,"column":67}},"2":{"start":{"line":7,"column":2},"end":{"line":7,"column":26}},"3":{"start":{"line":8,"column":2},"end":{"line":86,"column":5}},"4":{"start":{"line":9,"column":21},"end":{"line":9,"column":49}},"5":{"start":{"line":12,"column":4},"end":{"line":18,"column":5}},"6":{"start":{"line":13,"column":6},"end":{"line":13,"column":22}},"7":{"start":{"line":14,"column":6},"end":{"line":14,"column":31}},"8":{"start":{"line":16,"column":6},"end":{"line":16,"column":15}},"9":{"start":{"line":17,"column":6},"end":{"line":17,"column":23}},"10":{"start":{"line":19,"column":4},"end":{"line":28,"column":15}},"11":{"start":{"line":29,"column":4},"end":{"line":29,"column":35}},"12":{"start":{"line":31,"column":22},"end":{"line":31,"column":55}},"13":{"start":{"line":32,"column":22},"end":{"line":32,"column":55}},"14":{"start":{"line":33,"column":23},"end":{"line":33,"column":59}},"15":{"start":{"line":35,"column":4},"end":{"line":35,"column":37}},"16":{"start":{"line":38,"column":4},"end":{"line":43,"column":7}},"17":{"start":{"line":39,"column":6},"end":{"line":39,"column":25}},"18":{"start":{"line":40,"column":6},"end":{"line":40,"column":40}},"19":{"start":{"line":41,"column":6},"end":{"line":41,"column":39}},"20":{"start":{"line":42,"column":6},"end":{"line":42,"column":51}},"21":{"start":{"line":45,"column":21},"end":{"line":45,"column":57}},"22":{"start":{"line":46,"column":4},"end":{"line":56,"column":7}},"23":{"start":{"line":47,"column":6},"end":{"line":47,"column":25}},"24":{"start":{"line":48,"column":20},"end":{"line":50,"column":7}},"25":{"start":{"line":51,"column":6},"end":{"line":51,"column":43}},"26":{"start":{"line":52,"column":6},"end":{"line":52,"column":65}},"27":{"start":{"line":53,"column":6},"end":{"line":53,"column":39}},"28":{"start":{"line":54,"column":6},"end":{"line":54,"column":40}},"29":{"start":{"line":55,"column":6},"end":{"line":55,"column":48}},"30":{"start":{"line":59,"column":4},"end":{"line":70,"column":7}},"31":{"start":{"line":60,"column":6},"end":{"line":60,"column":25}},"32":{"start":{"line":61,"column":17},"end":{"line":61,"column":58}},"33":{"start":{"line":61,"column":44},"end":{"line":61,"column":57}},"34":{"start":{"line":62,"column":6},"end":{"line":62,"column":23}},"35":{"start":{"line":63,"column":6},"end":{"line":66,"column":9}},"36":{"start":{"line":64,"column":8},"end":{"line":64,"column":49}},"37":{"start":{"line":65,"column":8},"end":{"line":65,"column":20}},"38":{"start":{"line":67,"column":6},"end":{"line":67,"column":23}},"39":{"start":{"line":68,"column":6},"end":{"line":68,"column":65}},"40":{"start":{"line":69,"column":6},"end":{"line":69,"column":37}},"41":{"start":{"line":73,"column":21},"end":{"line":73,"column":56}},"42":{"start":{"line":74,"column":4},"end":{"line":83,"column":7}},"43":{"start":{"line":75,"column":6},"end":{"line":75,"column":40}},"44":{"start":{"line":76,"column":6},"end":{"line":76,"column":65}},"45":{"start":{"line":78,"column":6},"end":{"line":82,"column":7}},"46":{"start":{"line":79,"column":8},"end":{"line":79,"column":57}},"47":{"start":{"line":81,"column":8},"end":{"line":81,"column":49}},"48":{"start":{"line":85,"column":4},"end":{"line":85,"column":20}}},"fnMap":{"0":{"name":"displayTasks","decl":{"start":{"line":1,"column":24},"end":{"line":1,"column":36}},"loc":{"start":{"line":1,"column":39},"end":{"line":87,"column":1}},"line":1},"1":{"name":"(anonymous_1)","decl":{"start":{"line":8,"column":16},"end":{"line":8,"column":17}},"loc":{"start":{"line":8,"column":26},"end":{"line":86,"column":3}},"line":8},"2":{"name":"(anonymous_2)","decl":{"start":{"line":38,"column":41},"end":{"line":38,"column":42}},"loc":{"start":{"line":38,"column":48},"end":{"line":43,"column":5}},"line":38},"3":{"name":"(anonymous_3)","decl":{"start":{"line":46,"column":40},"end":{"line":46,"column":41}},"loc":{"start":{"line":46,"column":47},"end":{"line":56,"column":5}},"line":46},"4":{"name":"(anonymous_4)","decl":{"start":{"line":59,"column":40},"end":{"line":59,"column":41}},"loc":{"start":{"line":59,"column":47},"end":{"line":70,"column":5}},"line":59},"5":{"name":"(anonymous_5)","decl":{"start":{"line":61,"column":34},"end":{"line":61,"column":35}},"loc":{"start":{"line":61,"column":44},"end":{"line":61,"column":57}},"line":61},"6":{"name":"(anonymous_6)","decl":{"start":{"line":63,"column":27},"end":{"line":63,"column":28}},"loc":{"start":{"line":63,"column":37},"end":{"line":66,"column":7}},"line":63},"7":{"name":"(anonymous_7)","decl":{"start":{"line":74,"column":40},"end":{"line":74,"column":41}},"loc":{"start":{"line":74,"column":46},"end":{"line":83,"column":5}},"line":74}},"branchMap":{"0":{"loc":{"start":{"line":5,"column":18},"end":{"line":5,"column":67}},"type":"binary-expr","locations":[{"start":{"line":5,"column":18},"end":{"line":5,"column":61}},{"start":{"line":5,"column":65},"end":{"line":5,"column":67}}],"line":5},"1":{"loc":{"start":{"line":12,"column":4},"end":{"line":18,"column":5}},"type":"if","locations":[{"start":{"line":12,"column":4},"end":{"line":18,"column":5}},{"start":{"line":15,"column":11},"end":{"line":18,"column":5}}],"line":12},"2":{"loc":{"start":{"line":78,"column":6},"end":{"line":82,"column":7}},"type":"if","locations":[{"start":{"line":78,"column":6},"end":{"line":82,"column":7}},{"start":{"line":80,"column":13},"end":{"line":82,"column":7}}],"line":78}},"s":{"0":1,"1":1,"2":1,"3":1,"4":1,"5":1,"6":0,"7":0,"8":1,"9":1,"10":1,"11":1,"12":1,"13":1,"14":1,"15":1,"16":1,"17":0,"18":0,"19":0,"20":0,"21":1,"22":1,"23":0,"24":0,"25":0,"26":0,"27":0,"28":0,"29":0,"30":1,"31":0,"32":0,"33":0,"34":0,"35":0,"36":0,"37":0,"38":0,"39":0,"40":0,"41":1,"42":1,"43":0,"44":0,"45":0,"46":0,"47":0,"48":1},"f":{"0":1,"1":1,"2":0,"3":0,"4":0,"5":0,"6":0,"7":0},"b":{"0":[1,0],"1":[0,1],"2":[0,0]},"_coverageSchema":"1a1c01bbd47fc00a2c39e90264f33305004495a9","hash":"273c8f98b93263d2f066f8ac6da7bfbdf1f59430"}
}
