{"D:\\copia_disco_c\\Escritorio\\Microverse\\Module-2-JS\\coding-partner\\To-Do-List\\src\\modules\\1task.js": {"path":"D:\\copia_disco_c\\Escritorio\\Microverse\\Module-2-JS\\coding-partner\\To-Do-List\\src\\modules\\1task.js","statementMap":{"0":{"start":{"line":3,"column":4},"end":{"line":3,"column":23}},"1":{"start":{"line":4,"column":4},"end":{"line":4,"column":35}},"2":{"start":{"line":5,"column":4},"end":{"line":5,"column":27}}},"fnMap":{"0":{"name":"(anonymous_0)","decl":{"start":{"line":2,"column":2},"end":{"line":2,"column":3}},"loc":{"start":{"line":2,"column":34},"end":{"line":6,"column":3}},"line":2}},"branchMap":{},"s":{"0":3,"1":3,"2":3},"f":{"0":3},"b":{},"_coverageSchema":"1a1c01bbd47fc00a2c39e90264f33305004495a9","hash":"98de06f27a6062929a3e98c4f3a3b6bfe3cbe2c0"}
,"D:\\copia_disco_c\\Escritorio\\Microverse\\Module-2-JS\\coding-partner\\To-Do-List\\src\\modules\\2add.js": {"path":"D:\\copia_disco_c\\Escritorio\\Microverse\\Module-2-JS\\coding-partner\\To-Do-List\\src\\modules\\2add.js","statementMap":{"0":{"start":{"line":6,"column":20},"end":{"line":6,"column":69}},"1":{"start":{"line":7,"column":18},"end":{"line":7,"column":38}},"2":{"start":{"line":8,"column":18},"end":{"line":8,"column":41}},"3":{"start":{"line":10,"column":2},"end":{"line":10,"column":26}},"4":{"start":{"line":11,"column":2},"end":{"line":11,"column":61}},"5":{"start":{"line":13,"column":20},"end":{"line":13,"column":57}},"6":{"start":{"line":14,"column":2},"end":{"line":14,"column":23}}},"fnMap":{"0":{"name":"addTask","decl":{"start":{"line":5,"column":24},"end":{"line":5,"column":31}},"loc":{"start":{"line":5,"column":38},"end":{"line":15,"column":1}},"line":5}},"branchMap":{"0":{"loc":{"start":{"line":6,"column":20},"end":{"line":6,"column":69}},"type":"binary-expr","locations":[{"start":{"line":6,"column":20},"end":{"line":6,"column":63}},{"start":{"line":6,"column":67},"end":{"line":6,"column":69}}],"line":6}},"s":{"0":3,"1":3,"2":3,"3":3,"4":3,"5":3,"6":3},"f":{"0":3},"b":{"0":[3,1]},"_coverageSchema":"1a1c01bbd47fc00a2c39e90264f33305004495a9","hash":"115d94c86e3df6e67276df2aaf633ab7e878daab"}
,"D:\\copia_disco_c\\Escritorio\\Microverse\\Module-2-JS\\coding-partner\\To-Do-List\\src\\modules\\3display.js": {"path":"D:\\copia_disco_c\\Escritorio\\Microverse\\Module-2-JS\\coding-partner\\To-Do-List\\src\\modules\\3display.js","statementMap":{"0":{"start":{"line":2,"column":19},"end":{"line":2,"column":55}},"1":{"start":{"line":5,"column":18},"end":{"line":5,"column":67}},"2":{"start":{"line":7,"column":2},"end":{"line":7,"column":26}},"3":{"start":{"line":8,"column":2},"end":{"line":86,"column":5}},"4":{"start":{"line":9,"column":21},"end":{"line":9,"column":49}},"5":{"start":{"line":12,"column":4},"end":{"line":18,"column":5}},"6":{"start":{"line":13,"column":6},"end":{"line":13,"column":22}},"7":{"start":{"line":14,"column":6},"end":{"line":14,"column":31}},"8":{"start":{"line":16,"column":6},"end":{"line":16,"column":15}},"9":{"start":{"line":17,"column":6},"end":{"line":17,"column":23}},"10":{"start":{"line":19,"column":4},"end":{"line":28,"column":15}},"11":{"start":{"line":29,"column":4},"end":{"line":29,"column":35}},"12":{"start":{"line":31,"column":22},"end":{"line":31,"column":55}},"13":{"start":{"line":32,"column":22},"end":{"line":32,"column":55}},"14":{"start":{"line":33,"column":23},"end":{"line":33,"column":59}},"15":{"start":{"line":35,"column":4},"end":{"line":35,"column":37}},"16":{"start":{"line":38,"column":4},"end":{"line":43,"column":7}},"17":{"start":{"line":39,"column":6},"end":{"line":39,"column":25}},"18":{"start":{"line":40,"column":6},"end":{"line":40,"column":40}},"19":{"start":{"line":41,"column":6},"end":{"line":41,"column":39}},"20":{"start":{"line":42,"column":6},"end":{"line":42,"column":51}},"21":{"start":{"line":45,"column":21},"end":{"line":45,"column":57}},"22":{"start":{"line":46,"column":4},"end":{"line":56,"column":7}},"23":{"start":{"line":47,"column":6},"end":{"line":47,"column":25}},"24":{"start":{"line":48,"column":20},"end":{"line":50,"column":7}},"25":{"start":{"line":51,"column":6},"end":{"line":51,"column":43}},"26":{"start":{"line":52,"column":6},"end":{"line":52,"column":65}},"27":{"start":{"line":53,"column":6},"end":{"line":53,"column":39}},"28":{"start":{"line":54,"column":6},"end":{"line":54,"column":40}},"29":{"start":{"line":55,"column":6},"end":{"line":55,"column":48}},"30":{"start":{"line":59,"column":4},"end":{"line":70,"column":7}},"31":{"start":{"line":60,"column":6},"end":{"line":60,"column":25}},"32":{"start":{"line":61,"column":17},"end":{"line":61,"column":58}},"33":{"start":{"line":61,"column":44},"end":{"line":61,"column":57}},"34":{"start":{"line":62,"column":6},"end":{"line":62,"column":23}},"35":{"start":{"line":63,"column":6},"end":{"line":66,"column":9}},"36":{"start":{"line":64,"column":8},"end":{"line":64,"column":49}},"37":{"start":{"line":65,"column":8},"end":{"line":65,"column":20}},"38":{"start":{"line":67,"column":6},"end":{"line":67,"column":23}},"39":{"start":{"line":68,"column":6},"end":{"line":68,"column":65}},"40":{"start":{"line":69,"column":6},"end":{"line":69,"column":37}},"41":{"start":{"line":73,"column":21},"end":{"line":73,"column":56}},"42":{"start":{"line":74,"column":4},"end":{"line":83,"column":7}},"43":{"start":{"line":75,"column":6},"end":{"line":75,"column":40}},"44":{"start":{"line":76,"column":6},"end":{"line":76,"column":65}},"45":{"start":{"line":78,"column":6},"end":{"line":82,"column":7}},"46":{"start":{"line":79,"column":8},"end":{"line":79,"column":57}},"47":{"start":{"line":81,"column":8},"end":{"line":81,"column":49}},"48":{"start":{"line":85,"column":4},"end":{"line":85,"column":20}}},"fnMap":{"0":{"name":"displayTasks","decl":{"start":{"line":1,"column":24},"end":{"line":1,"column":36}},"loc":{"start":{"line":1,"column":39},"end":{"line":87,"column":1}},"line":1},"1":{"name":"(anonymous_1)","decl":{"start":{"line":8,"column":16},"end":{"line":8,"column":17}},"loc":{"start":{"line":8,"column":26},"end":{"line":86,"column":3}},"line":8},"2":{"name":"(anonymous_2)","decl":{"start":{"line":38,"column":41},"end":{"line":38,"column":42}},"loc":{"start":{"line":38,"column":48},"end":{"line":43,"column":5}},"line":38},"3":{"name":"(anonymous_3)","decl":{"start":{"line":46,"column":40},"end":{"line":46,"column":41}},"loc":{"start":{"line":46,"column":47},"end":{"line":56,"column":5}},"line":46},"4":{"name":"(anonymous_4)","decl":{"start":{"line":59,"column":40},"end":{"line":59,"column":41}},"loc":{"start":{"line":59,"column":47},"end":{"line":70,"column":5}},"line":59},"5":{"name":"(anonymous_5)","decl":{"start":{"line":61,"column":34},"end":{"line":61,"column":35}},"loc":{"start":{"line":61,"column":44},"end":{"line":61,"column":57}},"line":61},"6":{"name":"(anonymous_6)","decl":{"start":{"line":63,"column":27},"end":{"line":63,"column":28}},"loc":{"start":{"line":63,"column":37},"end":{"line":66,"column":7}},"line":63},"7":{"name":"(anonymous_7)","decl":{"start":{"line":74,"column":40},"end":{"line":74,"column":41}},"loc":{"start":{"line":74,"column":46},"end":{"line":83,"column":5}},"line":74}},"branchMap":{"0":{"loc":{"start":{"line":5,"column":18},"end":{"line":5,"column":67}},"type":"binary-expr","locations":[{"start":{"line":5,"column":18},"end":{"line":5,"column":61}},{"start":{"line":5,"column":65},"end":{"line":5,"column":67}}],"line":5},"1":{"loc":{"start":{"line":12,"column":4},"end":{"line":18,"column":5}},"type":"if","locations":[{"start":{"line":12,"column":4},"end":{"line":18,"column":5}},{"start":{"line":15,"column":11},"end":{"line":18,"column":5}}],"line":12},"2":{"loc":{"start":{"line":78,"column":6},"end":{"line":82,"column":7}},"type":"if","locations":[{"start":{"line":78,"column":6},"end":{"line":82,"column":7}},{"start":{"line":80,"column":13},"end":{"line":82,"column":7}}],"line":78}},"s":{"0":4,"1":4,"2":4,"3":4,"4":4,"5":4,"6":0,"7":0,"8":4,"9":4,"10":4,"11":4,"12":4,"13":4,"14":4,"15":4,"16":4,"17":1,"18":1,"19":1,"20":1,"21":4,"22":4,"23":0,"24":0,"25":0,"26":0,"27":0,"28":0,"29":0,"30":4,"31":1,"32":1,"33":1,"34":1,"35":1,"36":0,"37":0,"38":1,"39":1,"40":1,"41":4,"42":4,"43":1,"44":1,"45":1,"46":1,"47":0,"48":4},"f":{"0":4,"1":4,"2":1,"3":0,"4":1,"5":1,"6":0,"7":1},"b":{"0":[4,0],"1":[0,4],"2":[1,0]},"_coverageSchema":"1a1c01bbd47fc00a2c39e90264f33305004495a9","hash":"e487504a9a6ab9ebaccd37e2b516162538195156"}
,"D:\\copia_disco_c\\Escritorio\\Microverse\\Module-2-JS\\coding-partner\\To-Do-List\\src\\modules\\4clear.js": {"path":"D:\\copia_disco_c\\Escritorio\\Microverse\\Module-2-JS\\coding-partner\\To-Do-List\\src\\modules\\4clear.js","statementMap":{"0":{"start":{"line":4,"column":20},"end":{"line":4,"column":63}},"1":{"start":{"line":5,"column":15},"end":{"line":5,"column":67}},"2":{"start":{"line":5,"column":42},"end":{"line":5,"column":66}},"3":{"start":{"line":6,"column":2},"end":{"line":6,"column":56}}},"fnMap":{"0":{"name":"clearTasks","decl":{"start":{"line":1,"column":24},"end":{"line":1,"column":34}},"loc":{"start":{"line":1,"column":37},"end":{"line":7,"column":1}},"line":1},"1":{"name":"(anonymous_1)","decl":{"start":{"line":5,"column":32},"end":{"line":5,"column":33}},"loc":{"start":{"line":5,"column":42},"end":{"line":5,"column":66}},"line":5}},"branchMap":{},"s":{"0":1,"1":1,"2":2,"3":1},"f":{"0":1,"1":2},"b":{},"_coverageSchema":"1a1c01bbd47fc00a2c39e90264f33305004495a9","hash":"f51890344b2bafc8a8a0e900624f7232f3badeac"}
}
