TN:
SF:src\modules\1task.js
FN:2,(anonymous_0)
FNF:1
FNH:1
FNDA:3,(anonymous_0)
DA:3,3
DA:4,3
DA:5,3
LF:3
LH:3
BRF:0
BRH:0
end_of_record
TN:
SF:src\modules\2add.js
FN:5,addTask
FNF:1
FNH:1
FNDA:3,addTask
DA:6,3
DA:7,3
DA:8,3
DA:10,3
DA:11,3
DA:13,3
DA:14,3
LF:7
LH:7
BRDA:6,0,0,3
BRDA:6,0,1,1
BRF:2
BRH:2
end_of_record
TN:
SF:src\modules\3display.js
FN:1,displayTasks
FN:8,(anonymous_1)
FN:38,(anonymous_2)
FN:46,(anonymous_3)
FN:59,(anonymous_4)
FN:61,(anonymous_5)
FN:63,(anonymous_6)
FN:74,(anonymous_7)
FNF:8
FNH:6
FNDA:4,displayTasks
FNDA:4,(anonymous_1)
FNDA:1,(anonymous_2)
FNDA:0,(anonymous_3)
FNDA:1,(anonymous_4)
FNDA:1,(anonymous_5)
FNDA:0,(anonymous_6)
FNDA:1,(anonymous_7)
DA:2,4
DA:5,4
DA:7,4
DA:8,4
DA:9,4
DA:12,4
DA:13,0
DA:14,0
DA:16,4
DA:17,4
DA:19,4
DA:29,4
DA:31,4
DA:32,4
DA:33,4
DA:35,4
DA:38,4
DA:39,1
DA:40,1
DA:41,1
DA:42,1
DA:45,4
DA:46,4
DA:47,0
DA:48,0
DA:51,0
DA:52,0
DA:53,0
DA:54,0
DA:55,0
DA:59,4
DA:60,1
DA:61,1
DA:62,1
DA:63,1
DA:64,0
DA:65,0
DA:67,1
DA:68,1
DA:69,1
DA:73,4
DA:74,4
DA:75,1
DA:76,1
DA:78,1
DA:79,1
DA:81,0
DA:85,4
LF:48
LH:36
BRDA:5,0,0,4
BRDA:5,0,1,0
BRDA:12,1,0,0
BRDA:12,1,1,4
BRDA:78,2,0,1
BRDA:78,2,1,0
BRF:6
BRH:3
end_of_record
TN:
SF:src\modules\4clear.js
FN:1,clearTasks
FN:5,(anonymous_1)
FNF:2
FNH:2
FNDA:1,clearTasks
FNDA:2,(anonymous_1)
DA:4,1
DA:5,2
DA:6,1
LF:3
LH:3
BRF:0
BRH:0
end_of_record
